Traceback (most recent call last):
  File "C:\Users\tomvanwoudenbe\Anaconda3\lib\site-packages\jupyter_cache\executors\utils.py", line 51, in single_nb_execution
    executenb(
  File "C:\Users\tomvanwoudenbe\Anaconda3\lib\site-packages\nbclient\client.py", line 1204, in execute
    return NotebookClient(nb=nb, resources=resources, km=km, **kwargs).execute()
  File "C:\Users\tomvanwoudenbe\Anaconda3\lib\site-packages\nbclient\util.py", line 84, in wrapped
    return just_run(coro(*args, **kwargs))
  File "C:\Users\tomvanwoudenbe\Anaconda3\lib\site-packages\nbclient\util.py", line 62, in just_run
    return loop.run_until_complete(coro)
  File "C:\Users\tomvanwoudenbe\Anaconda3\lib\asyncio\base_events.py", line 647, in run_until_complete
    return future.result()
  File "C:\Users\tomvanwoudenbe\Anaconda3\lib\site-packages\nbclient\client.py", line 663, in async_execute
    await self.async_execute_cell(
  File "C:\Users\tomvanwoudenbe\Anaconda3\lib\site-packages\nbclient\client.py", line 965, in async_execute_cell
    await self._check_raise_for_error(cell, cell_index, exec_reply)
  File "C:\Users\tomvanwoudenbe\Anaconda3\lib\site-packages\nbclient\client.py", line 862, in _check_raise_for_error
    raise CellExecutionError.from_cell_and_msg(cell, exec_reply_content)
nbclient.exceptions.CellExecutionError: An error occurred while executing the following cell:
------------------
import numpy as np
import matplotlib.pyplot as plt
from matplotlib.animation import FuncAnimation
from IPython import display

plt.rcParams['animation.ffmpeg_path'] = '/path_to_your/ffmpeg'
u_func = sp.lambdify((u_0,v_0,F_0,m,omega_0,omega,t),u_sol)
fig, ax = plt.subplots()
tdata = np.linspace(0,300,500)
line, = ax.plot([], [])
ax.set_xlim(0, 300)
ax.set_ylim(-10, 10)

def update(frame):
    ydata = u_func(u_0=1,v_0=0,F_0=1,m=1,omega_0=1,omega=frame,t=tdata)
    ax.set_title("Displacement versus time for $\omega$ = "+str(np.round(frame,2)))
    line.set_data(tdata, ydata)

anim = FuncAnimation(fig, update, frames=np.linspace(1.1,1.6,100),interval = 100)
video = anim.to_html5_video()
html = display.HTML(video)
display.display(html)
plt.close()                   # avoid plotting a spare static plot
------------------

[1;31m---------------------------------------------------------------------------[0m
[1;31mRuntimeError[0m                              Traceback (most recent call last)
[1;32m~\AppData\Local\Temp\ipykernel_16312\372888316.py[0m in [0;36m<module>[1;34m[0m
[0;32m     18[0m [1;33m[0m[0m
[0;32m     19[0m [0manim[0m [1;33m=[0m [0mFuncAnimation[0m[1;33m([0m[0mfig[0m[1;33m,[0m [0mupdate[0m[1;33m,[0m [0mframes[0m[1;33m=[0m[0mnp[0m[1;33m.[0m[0mlinspace[0m[1;33m([0m[1;36m1.1[0m[1;33m,[0m[1;36m1.6[0m[1;33m,[0m[1;36m100[0m[1;33m)[0m[1;33m,[0m[0minterval[0m [1;33m=[0m [1;36m100[0m[1;33m)[0m[1;33m[0m[1;33m[0m[0m
[1;32m---> 20[1;33m [0mvideo[0m [1;33m=[0m [0manim[0m[1;33m.[0m[0mto_html5_video[0m[1;33m([0m[1;33m)[0m[1;33m[0m[1;33m[0m[0m
[0m[0;32m     21[0m [0mhtml[0m [1;33m=[0m [0mdisplay[0m[1;33m.[0m[0mHTML[0m[1;33m([0m[0mvideo[0m[1;33m)[0m[1;33m[0m[1;33m[0m[0m
[0;32m     22[0m [0mdisplay[0m[1;33m.[0m[0mdisplay[0m[1;33m([0m[0mhtml[0m[1;33m)[0m[1;33m[0m[1;33m[0m[0m

[1;32m~\Anaconda3\lib\site-packages\matplotlib\animation.py[0m in [0;36mto_html5_video[1;34m(self, embed_limit)[0m
[0;32m   1262[0m                 [1;31m# We create a writer manually so that we can get the[0m[1;33m[0m[1;33m[0m[0m
[0;32m   1263[0m                 [1;31m# appropriate size for the tag[0m[1;33m[0m[1;33m[0m[0m
[1;32m-> 1264[1;33m                 [0mWriter[0m [1;33m=[0m [0mwriters[0m[1;33m[[0m[0mmpl[0m[1;33m.[0m[0mrcParams[0m[1;33m[[0m[1;34m'animation.writer'[0m[1;33m][0m[1;33m][0m[1;33m[0m[1;33m[0m[0m
[0m[0;32m   1265[0m                 writer = Writer(codec='h264',
[0;32m   1266[0m                                 [0mbitrate[0m[1;33m=[0m[0mmpl[0m[1;33m.[0m[0mrcParams[0m[1;33m[[0m[1;34m'animation.bitrate'[0m[1;33m][0m[1;33m,[0m[1;33m[0m[1;33m[0m[0m

[1;32m~\Anaconda3\lib\site-packages\matplotlib\animation.py[0m in [0;36m__getitem__[1;34m(self, name)[0m
[0;32m    149[0m         [1;32mif[0m [0mself[0m[1;33m.[0m[0mis_available[0m[1;33m([0m[0mname[0m[1;33m)[0m[1;33m:[0m[1;33m[0m[1;33m[0m[0m
[0;32m    150[0m             [1;32mreturn[0m [0mself[0m[1;33m.[0m[0m_registered[0m[1;33m[[0m[0mname[0m[1;33m][0m[1;33m[0m[1;33m[0m[0m
[1;32m--> 151[1;33m         [1;32mraise[0m [0mRuntimeError[0m[1;33m([0m[1;34mf"Requested MovieWriter ({name}) not available"[0m[1;33m)[0m[1;33m[0m[1;33m[0m[0m
[0m[0;32m    152[0m [1;33m[0m[0m
[0;32m    153[0m [1;33m[0m[0m

[1;31mRuntimeError[0m: Requested MovieWriter (ffmpeg) not available
RuntimeError: Requested MovieWriter (ffmpeg) not available

